<?xml version="1.0" encoding="UTF-8"?>
<!-- Generated by org.testng.reporters.JUnitReportReporter -->
<testsuite skipped="3" hostname="Piyush" name="testcases.ProviderLoginTest" tests="3" failures="0" timestamp="17 Sep 2022 14:41:50 GMT" time="0.010" errors="0">
  <testcase name="providerlogin" time="0.000" classname="testcases.ProviderLoginTest">
    <skipped/>
  </testcase> <!-- providerlogin -->
  <testcase name="providerlogin" time="0.000" classname="testcases.ProviderLoginTest">
    <skipped/>
  </testcase> <!-- providerlogin -->
  <testcase name="providerlogin" time="0.010" classname="testcases.ProviderLoginTest">
    <skipped/>
  </testcase> <!-- providerlogin -->
</testsuite> <!-- testcases.ProviderLoginTest -->
